{"level":"info","message":"connected to database"}
{"level":"info","message":"connected to database"}
{"level":"info","message":"connected to database"}
{"level":"info","message":"connected to database"}
{"level":"info","message":"connected to database"}
{"level":"info","message":"new entry added"}
{"level":"info","message":"new entry added"}
{"level":"info","message":"new entry added"}
{"level":"info","message":"new entry added"}
{"level":"info","message":"new entry added"}
{"level":"info","message":"new entry added"}
{"level":"info","message":"new entry added"}
{"level":"info","message":"new entry added"}
{"level":"info","message":"new entry added"}
{"level":"info","message":"new entry added"}
{"level":"info","message":"new entry added"}
{"level":"info","message":"new entry added"}
{"level":"info","message":"new entry added"}
{"level":"info","message":"new entry added"}
{"level":"info","message":"new entry added"}
{"level":"info","message":"new entry added"}
{"level":"info","message":"new entry added"}
{"level":"info","message":"new entry added"}
{"level":"info","message":"new entry added"}
{"level":"info","message":"new entry added"}
{"level":"info","message":"new entry added"}
{"level":"info","message":"new entry added"}
{"level":"info","message":"new entry added"}
{"level":"info","message":"new entry added"}
{"level":"info","message":"new entry added"}
{"level":"info","message":"new entry added"}
{"level":"info","message":"new entry added"}
{"level":"info","message":"new entry added"}
{"level":"info","message":"new entry added"}
{"level":"info","message":"new entry added"}
{"level":"info","message":"new entry added"}
{"level":"info","message":"new entry added"}
{"level":"info","message":"new entry added"}
{"level":"info","message":"new entry added"}
{"level":"info","message":"new entry added"}
{"level":"info","message":"new entry added"}
{"level":"info","message":"new entry added"}
{"level":"info","message":"new entry added"}
{"level":"info","message":"new entry added"}
{"level":"info","message":"new entry added"}
{"level":"info","message":"new entry added"}
{"level":"info","message":"new entry added"}
{"level":"info","message":"new entry added"}
{"level":"info","message":"new entry added"}
{"level":"info","message":"new entry added"}
{"level":"info","message":"new entry added"}
{"level":"info","message":"new entry added"}
{"level":"info","message":"new entry added"}
{"level":"info","message":"new entry added"}
{"level":"info","message":"new entry added"}
{"level":"info","message":"new entry added"}
{"level":"info","message":"new entry added"}
{"level":"info","message":"new entry added"}
{"level":"info","message":"new entry added"}
{"level":"info","message":"new entry added"}
{"level":"info","message":"new entry added"}
{"level":"info","message":"new entry added"}
{"level":"info","message":"new entry added"}
{"level":"info","message":"new entry added"}
{"level":"info","message":"new entry added"}
{"level":"info","message":"new entry added"}
{"level":"info","message":"new entry added"}
{"level":"info","message":"new entry added"}
{"level":"info","message":"new entry added"}
{"level":"info","message":"new entry added"}
{"level":"info","message":"new entry added"}
{"level":"info","message":"new entry added"}
{"level":"info","message":"new entry added"}
{"level":"info","message":"new entry added"}
{"level":"info","message":"new entry added"}
{"level":"info","message":"new entry added"}
{"level":"info","message":"new entry added"}
{"level":"info","message":"new entry added"}
{"level":"info","message":"new entry added"}
{"level":"info","message":"new entry added"}
{"level":"info","message":"new entry added"}
{"level":"info","message":"new entry added"}
{"level":"info","message":"new entry added"}
{"level":"info","message":"new entry added"}
{"level":"info","message":"new entry added"}
{"level":"info","message":"new entry added"}
{"level":"info","message":"new entry added"}
{"level":"info","message":"new entry added"}
{"level":"info","message":"new entry added"}
{"level":"info","message":"new entry added"}
{"level":"info","message":"new entry added"}
{"level":"info","message":"new entry added"}
{"level":"info","message":"new entry added"}
{"level":"info","message":"new entry added"}
{"level":"info","message":"new entry added"}
{"level":"info","message":"new entry added"}
{"level":"info","message":"new entry added"}
{"level":"info","message":"new entry added"}
{"level":"info","message":"new entry added"}
{"level":"info","message":"new entry added"}
{"level":"info","message":"new entry added"}
{"level":"info","message":"new entry added"}
{"level":"info","message":"new entry added"}
{"level":"info","message":"new entry added"}
{"level":"info","message":"new entry added"}
{"level":"info","message":"connected to database"}
{"level":"info","message":"connected to database"}
{"level":"info","message":"connected to database"}
{"level":"info","message":"connected to database"}
{"level":"info","message":"new entry added : {\"id\":1,\"name\":\"Deidre\",\"score\":32,\"age\":8,\"city\":\"Nakhon Pathom\",\"gender\":\"Female\",\"_id\":\"6666d8416bf9b63fe3bc5105\"}"}
{"level":"info","message":"new entry added : {\"id\":2,\"name\":\"Marlo\",\"score\":67,\"age\":74,\"city\":\"Jammā‘īn\",\"gender\":\"Female\",\"_id\":\"6666d8416bf9b63fe3bc5106\"}"}
{"level":"info","message":"new entry added : {\"id\":3,\"name\":\"Christen\",\"score\":5,\"age\":11,\"city\":\"Guanyinsi\",\"gender\":\"Female\",\"_id\":\"6666d8426bf9b63fe3bc5107\"}"}
{"level":"info","message":"new entry added : {\"id\":4,\"name\":\"Zane\",\"score\":68,\"age\":7,\"city\":\"Saint Louis\",\"gender\":\"Male\",\"_id\":\"6666d8426bf9b63fe3bc5108\"}"}
{"level":"info","message":"new entry added : {\"id\":5,\"name\":\"Alexis\",\"score\":28,\"age\":46,\"city\":\"Ar Rudayyif\",\"gender\":\"Male\",\"_id\":\"6666d8426bf9b63fe3bc5109\"}"}
{"level":"info","message":"new entry added : {\"id\":6,\"name\":\"Trevar\",\"score\":26,\"age\":95,\"city\":\"Kukuluk\",\"gender\":\"Male\",\"_id\":\"6666d8426bf9b63fe3bc510a\"}"}
{"level":"info","message":"new entry added : {\"id\":7,\"name\":\"Ransell\",\"score\":14,\"age\":98,\"city\":\"Kudymkar\",\"gender\":\"Male\",\"_id\":\"6666d8426bf9b63fe3bc510b\"}"}
{"level":"info","message":"new entry added : {\"id\":8,\"name\":\"Sayre\",\"score\":51,\"age\":73,\"city\":\"Yingkeng\",\"gender\":\"Female\",\"_id\":\"6666d8436bf9b63fe3bc510c\"}"}
{"level":"info","message":"new entry added : {\"id\":9,\"name\":\"Rorie\",\"score\":56,\"age\":44,\"city\":\"Qeshm\",\"gender\":\"Female\",\"_id\":\"6666d8436bf9b63fe3bc510d\"}"}
{"level":"info","message":"new entry added : {\"id\":10,\"name\":\"Juliann\",\"score\":29,\"age\":49,\"city\":\"Kaburon\",\"gender\":\"Female\",\"_id\":\"6666d8436bf9b63fe3bc510e\"}"}
{"level":"info","message":"new entry added : {\"id\":11,\"name\":\"Penny\",\"score\":82,\"age\":97,\"city\":\"Noyemberyan\",\"gender\":\"Male\",\"_id\":\"6666d8436bf9b63fe3bc510f\"}"}
{"level":"info","message":"new entry added : {\"id\":12,\"name\":\"Sabra\",\"score\":99,\"age\":50,\"city\":\"Daga\",\"gender\":\"Female\",\"_id\":\"6666d8436bf9b63fe3bc5110\"}"}
{"level":"info","message":"new entry added : {\"id\":13,\"name\":\"Roxanne\",\"score\":73,\"age\":85,\"city\":\"Nanhe\",\"gender\":\"Female\",\"_id\":\"6666d8436bf9b63fe3bc5111\"}"}
{"level":"info","message":"new entry added : {\"id\":14,\"name\":\"Rachelle\",\"score\":24,\"age\":5,\"city\":\"Pajak\",\"gender\":\"Female\",\"_id\":\"6666d8446bf9b63fe3bc5112\"}"}
{"level":"info","message":"new entry added : {\"id\":15,\"name\":\"Jule\",\"score\":7,\"age\":43,\"city\":\"Imsida\",\"gender\":\"Male\",\"_id\":\"6666d8446bf9b63fe3bc5113\"}"}
{"level":"info","message":"new entry added : {\"id\":16,\"name\":\"Ogdon\",\"score\":33,\"age\":31,\"city\":\"Buyunshan\",\"gender\":\"Male\",\"_id\":\"6666d8446bf9b63fe3bc5114\"}"}
{"level":"info","message":"new entry added : {\"id\":17,\"name\":\"Perceval\",\"score\":85,\"age\":70,\"city\":\"Lubumbashi\",\"gender\":\"Male\",\"_id\":\"6666d8446bf9b63fe3bc5115\"}"}
{"level":"info","message":"new entry added : {\"id\":18,\"name\":\"Elka\",\"score\":11,\"age\":81,\"city\":\"Alangalang\",\"gender\":\"Female\",\"_id\":\"6666d8446bf9b63fe3bc5116\"}"}
{"level":"info","message":"new entry added : {\"id\":19,\"name\":\"Corissa\",\"score\":69,\"age\":42,\"city\":\"San Juan del Surutú\",\"gender\":\"Female\",\"_id\":\"6666d8456bf9b63fe3bc5117\"}"}
{"level":"info","message":"new entry added : {\"id\":20,\"name\":\"Darin\",\"score\":14,\"age\":89,\"city\":\"Chinchaypujio\",\"gender\":\"Male\",\"_id\":\"6666d8456bf9b63fe3bc5118\"}"}
{"level":"info","message":"new entry added : {\"id\":21,\"name\":\"Maison\",\"score\":63,\"age\":45,\"city\":\"Calanogas\",\"gender\":\"Male\",\"_id\":\"6666d8456bf9b63fe3bc5119\"}"}
{"level":"info","message":"new entry added : {\"id\":22,\"name\":\"Bengt\",\"score\":64,\"age\":92,\"city\":\"Palebunan\",\"gender\":\"Male\",\"_id\":\"6666d8456bf9b63fe3bc511a\"}"}
{"level":"info","message":"new entry added : {\"id\":23,\"name\":\"Twyla\",\"score\":50,\"age\":78,\"city\":\"Tysmenychany\",\"gender\":\"Female\",\"_id\":\"6666d8456bf9b63fe3bc511b\"}"}
{"level":"info","message":"new entry added : {\"id\":24,\"name\":\"Chanda\",\"score\":62,\"age\":90,\"city\":\"San Juan\",\"gender\":\"Female\",\"_id\":\"6666d8466bf9b63fe3bc511c\"}"}
{"level":"info","message":"new entry added : {\"id\":25,\"name\":\"Yuri\",\"score\":18,\"age\":84,\"city\":\"Wang Nam Yen\",\"gender\":\"Male\",\"_id\":\"6666d8466bf9b63fe3bc511d\"}"}
{"level":"info","message":"connected to database"}
{"level":"info","message":"connected to database"}
{"level":"info","message":"new entry added : {\"id\":26,\"name\":\"Ingamar\",\"score\":58,\"age\":59,\"city\":\"Banqiaodian\",\"gender\":\"Male\",\"_id\":\"6666d9e1379dd2072a96a6dc\"}"}
{"level":"info","message":"new entry added : {\"id\":27,\"name\":\"Viviene\",\"score\":40,\"age\":3,\"city\":\"Puan\",\"gender\":\"Female\",\"_id\":\"6666d9e1379dd2072a96a6dd\"}"}
{"level":"info","message":"new entry added : {\"id\":28,\"name\":\"Luciano\",\"score\":49,\"age\":74,\"city\":\"Siedleczka\",\"gender\":\"Male\",\"_id\":\"6666d9e2379dd2072a96a6de\"}"}
{"level":"info","message":"new entry added : {\"id\":29,\"name\":\"Eliza\",\"score\":34,\"age\":57,\"city\":\"Talaibon\",\"gender\":\"Female\",\"_id\":\"6666d9e2379dd2072a96a6df\"}"}
{"level":"info","message":"new entry added : {\"id\":30,\"name\":\"Westbrooke\",\"score\":52,\"age\":98,\"city\":\"Taokeng\",\"gender\":\"Male\",\"_id\":\"6666d9e2379dd2072a96a6e0\"}"}
{"level":"info","message":"new entry added : {\"id\":31,\"name\":\"Harwell\",\"score\":59,\"age\":48,\"city\":\"Paris 16\",\"gender\":\"Male\",\"_id\":\"6666d9e2379dd2072a96a6e1\"}"}
{"level":"info","message":"new entry added : {\"id\":32,\"name\":\"Rahal\",\"score\":32,\"age\":78,\"city\":\"Cruz\",\"gender\":\"Polygender\",\"_id\":\"6666d9e2379dd2072a96a6e2\"}"}
{"level":"info","message":"new entry added : {\"id\":33,\"name\":\"Eugenia\",\"score\":47,\"age\":7,\"city\":\"Waterloo\",\"gender\":\"Female\",\"_id\":\"6666d9e2379dd2072a96a6e3\"}"}
{"level":"info","message":"new entry added : {\"id\":34,\"name\":\"Leonora\",\"score\":56,\"age\":79,\"city\":\"Trang\",\"gender\":\"Female\",\"_id\":\"6666d9e3379dd2072a96a6e4\"}"}
{"level":"info","message":"new entry added : {\"id\":35,\"name\":\"Sammy\",\"score\":75,\"age\":42,\"city\":\"Élancourt\",\"gender\":\"Female\",\"_id\":\"6666d9e3379dd2072a96a6e5\"}"}
{"level":"info","message":"new entry added : {\"id\":36,\"name\":\"Helyn\",\"score\":72,\"age\":93,\"city\":\"Erjia\",\"gender\":\"Female\",\"_id\":\"6666d9e3379dd2072a96a6e6\"}"}
{"level":"info","message":"new entry added : {\"id\":37,\"name\":\"Mignonne\",\"score\":71,\"age\":81,\"city\":\"Chengtang\",\"gender\":\"Bigender\",\"_id\":\"6666d9e3379dd2072a96a6e7\"}"}
{"level":"info","message":"new entry added : {\"id\":38,\"name\":\"Crystie\",\"score\":4,\"age\":63,\"city\":\"Limbuš\",\"gender\":\"Female\",\"_id\":\"6666d9e3379dd2072a96a6e8\"}"}
{"level":"info","message":"new entry added : {\"id\":39,\"name\":\"Damian\",\"score\":57,\"age\":79,\"city\":\"Atlanta\",\"gender\":\"Male\",\"_id\":\"6666d9e3379dd2072a96a6e9\"}"}
{"level":"info","message":"new entry added : {\"id\":40,\"name\":\"Bamby\",\"score\":65,\"age\":63,\"city\":\"Ishikawa\",\"gender\":\"Female\",\"_id\":\"6666d9e4379dd2072a96a6ea\"}"}
{"level":"info","message":"new entry added : {\"id\":41,\"name\":\"Kordula\",\"score\":30,\"age\":24,\"city\":\"Delodpeken\",\"gender\":\"Female\",\"_id\":\"6666d9e4379dd2072a96a6eb\"}"}
{"level":"info","message":"new entry added : {\"id\":42,\"name\":\"Spence\",\"score\":4,\"age\":49,\"city\":\"Santa Adélia\",\"gender\":\"Male\",\"_id\":\"6666d9e4379dd2072a96a6ec\"}"}
{"level":"info","message":"new entry added : {\"id\":43,\"name\":\"Charisse\",\"score\":4,\"age\":97,\"city\":\"Tarub\",\"gender\":\"Female\",\"_id\":\"6666d9e4379dd2072a96a6ed\"}"}
{"level":"info","message":"new entry added : {\"id\":44,\"name\":\"Shea\",\"score\":93,\"age\":87,\"city\":\"Nangtang\",\"gender\":\"Male\",\"_id\":\"6666d9e4379dd2072a96a6ee\"}"}
{"level":"info","message":"new entry added : {\"id\":45,\"name\":\"Donielle\",\"score\":8,\"age\":74,\"city\":\"Batroûn\",\"gender\":\"Female\",\"_id\":\"6666d9e4379dd2072a96a6ef\"}"}
{"level":"info","message":"new entry added : {\"id\":46,\"name\":\"Kassia\",\"score\":44,\"age\":34,\"city\":\"Wanbu\",\"gender\":\"Female\",\"_id\":\"6666d9e5379dd2072a96a6f0\"}"}
{"level":"info","message":"new entry added : {\"id\":47,\"name\":\"Aurora\",\"score\":88,\"age\":38,\"city\":\"New York City\",\"gender\":\"Female\",\"_id\":\"6666d9e5379dd2072a96a6f1\"}"}
{"level":"info","message":"new entry added : {\"id\":48,\"name\":\"Dame\",\"score\":22,\"age\":56,\"city\":\"Newport\",\"gender\":\"Male\",\"_id\":\"6666d9e5379dd2072a96a6f2\"}"}
{"level":"info","message":"new entry added : {\"id\":49,\"name\":\"Sharon\",\"score\":23,\"age\":18,\"city\":\"Eling\",\"gender\":\"Female\",\"_id\":\"6666d9e5379dd2072a96a6f3\"}"}
{"level":"info","message":"new entry added : {\"id\":50,\"name\":\"Engracia\",\"score\":0,\"age\":14,\"city\":\"Seixas\",\"gender\":\"Female\",\"_id\":\"6666d9e5379dd2072a96a6f4\"}"}
{"level":"info","message":"new entry added : {\"id\":51,\"name\":\"Kayley\",\"score\":11,\"age\":52,\"city\":\"Dos Quebradas\",\"gender\":\"Female\",\"_id\":\"6666d9e5379dd2072a96a6f5\"}"}
{"level":"info","message":"new entry added : {\"id\":52,\"name\":\"Tanney\",\"score\":24,\"age\":87,\"city\":\"Vamvakoú\",\"gender\":\"Male\",\"_id\":\"6666d9e6379dd2072a96a6f6\"}"}
{"level":"info","message":"new entry added : {\"id\":53,\"name\":\"Josselyn\",\"score\":75,\"age\":18,\"city\":\"Stalowa Wola\",\"gender\":\"Female\",\"_id\":\"6666d9e6379dd2072a96a6f7\"}"}
{"level":"info","message":"new entry added : {\"id\":54,\"name\":\"Hirsch\",\"score\":95,\"age\":49,\"city\":\"Santa Teresa\",\"gender\":\"Male\",\"_id\":\"6666d9e6379dd2072a96a6f8\"}"}
{"level":"info","message":"new entry added : {\"id\":55,\"name\":\"Meggi\",\"score\":39,\"age\":54,\"city\":\"Jocotenango\",\"gender\":\"Female\",\"_id\":\"6666d9e6379dd2072a96a6f9\"}"}
{"level":"info","message":"new entry added : {\"id\":56,\"name\":\"Gris\",\"score\":4,\"age\":81,\"city\":\"Onokivtsi\",\"gender\":\"Male\",\"_id\":\"6666d9e6379dd2072a96a6fa\"}"}
{"level":"info","message":"new entry added : {\"id\":57,\"name\":\"Alane\",\"score\":52,\"age\":66,\"city\":\"Muquiyauyo\",\"gender\":\"Genderqueer\",\"_id\":\"6666d9e6379dd2072a96a6fb\"}"}
{"level":"info","message":"new entry added : {\"id\":58,\"name\":\"Maureen\",\"score\":65,\"age\":59,\"city\":\"Nakhon Phanom\",\"gender\":\"Female\",\"_id\":\"6666d9e7379dd2072a96a6fc\"}"}
{"level":"info","message":"new entry added : {\"id\":59,\"name\":\"Ilysa\",\"score\":29,\"age\":18,\"city\":\"Ath\",\"gender\":\"Female\",\"_id\":\"6666d9e7379dd2072a96a6fd\"}"}
{"level":"info","message":"new entry added : {\"id\":60,\"name\":\"Johnette\",\"score\":63,\"age\":62,\"city\":\"Limbi\",\"gender\":\"Female\",\"_id\":\"6666d9e7379dd2072a96a6fe\"}"}
{"level":"info","message":"new entry added : {\"id\":61,\"name\":\"Natty\",\"score\":42,\"age\":91,\"city\":\"Bibinje\",\"gender\":\"Male\",\"_id\":\"6666d9e7379dd2072a96a6ff\"}"}
{"level":"info","message":"new entry added : {\"id\":62,\"name\":\"Bev\",\"score\":52,\"age\":91,\"city\":\"Hepu\",\"gender\":\"Male\",\"_id\":\"6666d9e7379dd2072a96a700\"}"}
{"level":"info","message":"new entry added : {\"id\":63,\"name\":\"Granger\",\"score\":68,\"age\":78,\"city\":\"Khallat Ḩamāmah\",\"gender\":\"Male\",\"_id\":\"6666d9e7379dd2072a96a701\"}"}
{"level":"info","message":"new entry added : {\"id\":64,\"name\":\"Arch\",\"score\":50,\"age\":100,\"city\":\"Benguela\",\"gender\":\"Male\",\"_id\":\"6666d9e8379dd2072a96a702\"}"}
{"level":"info","message":"new entry added : {\"id\":65,\"name\":\"Monah\",\"score\":33,\"age\":18,\"city\":\"Feni\",\"gender\":\"Bigender\",\"_id\":\"6666d9e8379dd2072a96a703\"}"}
{"level":"info","message":"new entry added : {\"id\":66,\"name\":\"Genvieve\",\"score\":30,\"age\":43,\"city\":\"Akhaldaba\",\"gender\":\"Female\",\"_id\":\"6666d9e8379dd2072a96a704\"}"}
{"level":"info","message":"new entry added : {\"id\":67,\"name\":\"Caria\",\"score\":57,\"age\":65,\"city\":\"Valada\",\"gender\":\"Female\",\"_id\":\"6666d9e8379dd2072a96a705\"}"}
{"level":"info","message":"new entry added : {\"id\":68,\"name\":\"Julissa\",\"score\":0,\"age\":75,\"city\":\"Meixian\",\"gender\":\"Female\",\"_id\":\"6666d9e8379dd2072a96a706\"}"}
{"level":"info","message":"new entry added : {\"id\":69,\"name\":\"Lurette\",\"score\":10,\"age\":75,\"city\":\"Arcena Pequena\",\"gender\":\"Female\",\"_id\":\"6666d9e8379dd2072a96a707\"}"}
{"level":"info","message":"new entry added : {\"id\":70,\"name\":\"Felic\",\"score\":33,\"age\":53,\"city\":\"Vista Alegre\",\"gender\":\"Male\",\"_id\":\"6666d9e8379dd2072a96a708\"}"}
{"level":"info","message":"new entry added : {\"id\":71,\"name\":\"Maribel\",\"score\":6,\"age\":9,\"city\":\"Cournon-d'Auvergne\",\"gender\":\"Female\",\"_id\":\"6666d9e9379dd2072a96a709\"}"}
{"level":"info","message":"new entry added : {\"id\":72,\"name\":\"Jaymie\",\"score\":29,\"age\":96,\"city\":\"Barda\",\"gender\":\"Male\",\"_id\":\"6666d9e9379dd2072a96a70a\"}"}
{"level":"info","message":"new entry added : {\"id\":73,\"name\":\"Laurent\",\"score\":81,\"age\":21,\"city\":\"Sulūk\",\"gender\":\"Male\",\"_id\":\"6666d9e9379dd2072a96a70b\"}"}
{"level":"info","message":"new entry added : {\"id\":74,\"name\":\"Bernard\",\"score\":94,\"age\":45,\"city\":\"São Pedro da Aldeia\",\"gender\":\"Male\",\"_id\":\"6666d9e9379dd2072a96a70c\"}"}
{"level":"info","message":"new entry added : {\"id\":75,\"name\":\"Meta\",\"score\":81,\"age\":50,\"city\":\"Letpandan\",\"gender\":\"Female\",\"_id\":\"6666d9e9379dd2072a96a70d\"}"}
{"level":"info","message":"new entry added : {\"id\":76,\"name\":\"Sarah\",\"score\":74,\"age\":48,\"city\":\"Gampola\",\"gender\":\"Female\",\"_id\":\"6666d9e9379dd2072a96a70e\"}"}
{"level":"info","message":"new entry added : {\"id\":77,\"name\":\"Dell\",\"score\":13,\"age\":19,\"city\":\"Jeseník\",\"gender\":\"Male\",\"_id\":\"6666d9e9379dd2072a96a70f\"}"}
{"level":"info","message":"new entry added : {\"id\":78,\"name\":\"Brynne\",\"score\":67,\"age\":17,\"city\":\"Skien\",\"gender\":\"Female\",\"_id\":\"6666d9ea379dd2072a96a710\"}"}
{"level":"info","message":"new entry added : {\"id\":79,\"name\":\"Hedi\",\"score\":51,\"age\":18,\"city\":\"Dīla\",\"gender\":\"Bigender\",\"_id\":\"6666d9ea379dd2072a96a711\"}"}
{"level":"info","message":"new entry added : {\"id\":80,\"name\":\"Mitch\",\"score\":69,\"age\":79,\"city\":\"Jacura\",\"gender\":\"Male\",\"_id\":\"6666d9ea379dd2072a96a712\"}"}
{"level":"info","message":"new entry added : {\"id\":81,\"name\":\"Beverie\",\"score\":54,\"age\":24,\"city\":\"Agenebode\",\"gender\":\"Female\",\"_id\":\"6666d9ea379dd2072a96a713\"}"}
{"level":"info","message":"new entry added : {\"id\":82,\"name\":\"Nicole\",\"score\":2,\"age\":54,\"city\":\"Valencia\",\"gender\":\"Female\",\"_id\":\"6666d9ea379dd2072a96a714\"}"}
{"level":"info","message":"new entry added : {\"id\":83,\"name\":\"Oralee\",\"score\":30,\"age\":4,\"city\":\"Fonte\",\"gender\":\"Female\",\"_id\":\"6666d9ea379dd2072a96a715\"}"}
{"level":"info","message":"new entry added : {\"id\":84,\"name\":\"Pandora\",\"score\":53,\"age\":22,\"city\":\"Cox’s Bāzār\",\"gender\":\"Female\",\"_id\":\"6666d9ea379dd2072a96a716\"}"}
{"level":"info","message":"new entry added : {\"id\":85,\"name\":\"Ann\",\"score\":75,\"age\":88,\"city\":\"San Francisco\",\"gender\":\"Female\",\"_id\":\"6666d9eb379dd2072a96a717\"}"}
{"level":"info","message":"new entry added : {\"id\":86,\"name\":\"Toiboid\",\"score\":42,\"age\":100,\"city\":\"Huxi\",\"gender\":\"Non-binary\",\"_id\":\"6666d9eb379dd2072a96a718\"}"}
{"level":"info","message":"new entry added : {\"id\":87,\"name\":\"Felita\",\"score\":15,\"age\":45,\"city\":\"La Lima\",\"gender\":\"Female\",\"_id\":\"6666d9eb379dd2072a96a719\"}"}
{"level":"info","message":"new entry added : {\"id\":88,\"name\":\"Nisse\",\"score\":11,\"age\":52,\"city\":\"Kute\",\"gender\":\"Female\",\"_id\":\"6666d9eb379dd2072a96a71a\"}"}
{"level":"info","message":"new entry added : {\"id\":89,\"name\":\"Camel\",\"score\":37,\"age\":100,\"city\":\"Lahad Datu\",\"gender\":\"Female\",\"_id\":\"6666d9eb379dd2072a96a71b\"}"}
{"level":"info","message":"new entry added : {\"id\":90,\"name\":\"Annette\",\"score\":34,\"age\":86,\"city\":\"Cabadiangan\",\"gender\":\"Female\",\"_id\":\"6666d9eb379dd2072a96a71c\"}"}
{"level":"info","message":"new entry added : {\"id\":91,\"name\":\"Allie\",\"score\":41,\"age\":58,\"city\":\"Oslo\",\"gender\":\"Male\",\"_id\":\"6666d9eb379dd2072a96a71d\"}"}
{"level":"info","message":"new entry added : {\"id\":92,\"name\":\"Eliza\",\"score\":49,\"age\":11,\"city\":\"Blahodatne\",\"gender\":\"Female\",\"_id\":\"6666d9ec379dd2072a96a71e\"}"}
{"level":"info","message":"new entry added : {\"id\":93,\"name\":\"Amye\",\"score\":16,\"age\":85,\"city\":\"Tampere\",\"gender\":\"Female\",\"_id\":\"6666d9ec379dd2072a96a71f\"}"}
{"level":"info","message":"new entry added : {\"id\":94,\"name\":\"Georgeanna\",\"score\":70,\"age\":1,\"city\":\"Gostagayevskaya\",\"gender\":\"Female\",\"_id\":\"6666d9ec379dd2072a96a720\"}"}
{"level":"info","message":"new entry added : {\"id\":95,\"name\":\"Ardelle\",\"score\":70,\"age\":53,\"city\":\"Sloboda\",\"gender\":\"Female\",\"_id\":\"6666d9ec379dd2072a96a721\"}"}
{"level":"info","message":"new entry added : {\"id\":96,\"name\":\"Neely\",\"score\":81,\"age\":37,\"city\":\"Saint-Denis\",\"gender\":\"Female\",\"_id\":\"6666d9ec379dd2072a96a722\"}"}
{"level":"info","message":"new entry added : {\"id\":97,\"name\":\"Homer\",\"score\":93,\"age\":3,\"city\":\"Tangchijie\",\"gender\":\"Male\",\"_id\":\"6666d9ec379dd2072a96a723\"}"}
{"level":"info","message":"new entry added : {\"id\":98,\"name\":\"Nan\",\"score\":32,\"age\":88,\"city\":\"Syevyerodonets’k\",\"gender\":\"Female\",\"_id\":\"6666d9ec379dd2072a96a724\"}"}
{"level":"info","message":"new entry added : {\"id\":99,\"name\":\"Rochette\",\"score\":75,\"age\":82,\"city\":\"Starominskaya\",\"gender\":\"Female\",\"_id\":\"6666d9ed379dd2072a96a725\"}"}
{"level":"info","message":"new entry added : {\"id\":100,\"name\":\"Darrel\",\"score\":79,\"age\":17,\"city\":\"Frederiksberg\",\"gender\":\"Male\",\"_id\":\"6666d9ed379dd2072a96a726\"}"}
{"level":"info","message":"connected to database"}
{"level":"info","message":"new entry added : {\"id\":1,\"name\":\"Deidre\",\"score\":32,\"age\":8,\"city\":\"Nakhon Pathom\",\"gender\":\"Female\",\"_id\":\"6666db317a12d5023e1b5050\"}"}
{"level":"info","message":"new entry added : {\"id\":2,\"name\":\"Marlo\",\"score\":67,\"age\":74,\"city\":\"Jammā‘īn\",\"gender\":\"Female\",\"_id\":\"6666db317a12d5023e1b5051\"}"}
{"level":"info","message":"new entry added : {\"id\":3,\"name\":\"Christen\",\"score\":5,\"age\":11,\"city\":\"Guanyinsi\",\"gender\":\"Female\",\"_id\":\"6666db317a12d5023e1b5052\"}"}
{"level":"info","message":"new entry added : {\"id\":4,\"name\":\"Zane\",\"score\":68,\"age\":7,\"city\":\"Saint Louis\",\"gender\":\"Male\",\"_id\":\"6666db317a12d5023e1b5053\"}"}
{"level":"info","message":"new entry added : {\"id\":5,\"name\":\"Alexis\",\"score\":28,\"age\":46,\"city\":\"Ar Rudayyif\",\"gender\":\"Male\",\"_id\":\"6666db327a12d5023e1b5054\"}"}
{"level":"info","message":"new entry added : {\"id\":6,\"name\":\"Trevar\",\"score\":26,\"age\":95,\"city\":\"Kukuluk\",\"gender\":\"Male\",\"_id\":\"6666db327a12d5023e1b5055\"}"}
{"level":"info","message":"new entry added : {\"id\":7,\"name\":\"Ransell\",\"score\":14,\"age\":98,\"city\":\"Kudymkar\",\"gender\":\"Male\",\"_id\":\"6666db327a12d5023e1b5056\"}"}
{"level":"info","message":"new entry added : {\"id\":8,\"name\":\"Sayre\",\"score\":51,\"age\":73,\"city\":\"Yingkeng\",\"gender\":\"Female\",\"_id\":\"6666db327a12d5023e1b5057\"}"}
{"level":"info","message":"new entry added : {\"id\":9,\"name\":\"Rorie\",\"score\":56,\"age\":44,\"city\":\"Qeshm\",\"gender\":\"Female\",\"_id\":\"6666db327a12d5023e1b5058\"}"}
{"level":"info","message":"new entry added : {\"id\":10,\"name\":\"Juliann\",\"score\":29,\"age\":49,\"city\":\"Kaburon\",\"gender\":\"Female\",\"_id\":\"6666db337a12d5023e1b5059\"}"}
{"level":"info","message":"new entry added : {\"id\":11,\"name\":\"Penny\",\"score\":82,\"age\":97,\"city\":\"Noyemberyan\",\"gender\":\"Male\",\"_id\":\"6666db337a12d5023e1b505a\"}"}
{"level":"info","message":"new entry added : {\"id\":12,\"name\":\"Sabra\",\"score\":99,\"age\":50,\"city\":\"Daga\",\"gender\":\"Female\",\"_id\":\"6666db337a12d5023e1b505b\"}"}
{"level":"info","message":"new entry added : {\"id\":13,\"name\":\"Roxanne\",\"score\":73,\"age\":85,\"city\":\"Nanhe\",\"gender\":\"Female\",\"_id\":\"6666db337a12d5023e1b505c\"}"}
{"level":"info","message":"new entry added : {\"id\":14,\"name\":\"Rachelle\",\"score\":24,\"age\":5,\"city\":\"Pajak\",\"gender\":\"Female\",\"_id\":\"6666db337a12d5023e1b505d\"}"}
{"level":"info","message":"new entry added : {\"id\":15,\"name\":\"Jule\",\"score\":7,\"age\":43,\"city\":\"Imsida\",\"gender\":\"Male\",\"_id\":\"6666db337a12d5023e1b505e\"}"}
{"level":"info","message":"new entry added : {\"id\":16,\"name\":\"Ogdon\",\"score\":33,\"age\":31,\"city\":\"Buyunshan\",\"gender\":\"Male\",\"_id\":\"6666db347a12d5023e1b505f\"}"}
{"level":"info","message":"new entry added : {\"id\":17,\"name\":\"Perceval\",\"score\":85,\"age\":70,\"city\":\"Lubumbashi\",\"gender\":\"Male\",\"_id\":\"6666db347a12d5023e1b5060\"}"}
{"level":"info","message":"new entry added : {\"id\":18,\"name\":\"Elka\",\"score\":11,\"age\":81,\"city\":\"Alangalang\",\"gender\":\"Female\",\"_id\":\"6666db347a12d5023e1b5061\"}"}
{"level":"info","message":"new entry added : {\"id\":19,\"name\":\"Corissa\",\"score\":69,\"age\":42,\"city\":\"San Juan del Surutú\",\"gender\":\"Female\",\"_id\":\"6666db347a12d5023e1b5062\"}"}
{"level":"info","message":"new entry added : {\"id\":20,\"name\":\"Darin\",\"score\":14,\"age\":89,\"city\":\"Chinchaypujio\",\"gender\":\"Male\",\"_id\":\"6666db347a12d5023e1b5063\"}"}
{"level":"info","message":"new entry added : {\"id\":21,\"name\":\"Maison\",\"score\":63,\"age\":45,\"city\":\"Calanogas\",\"gender\":\"Male\",\"_id\":\"6666db357a12d5023e1b5064\"}"}
{"level":"info","message":"new entry added : {\"id\":22,\"name\":\"Bengt\",\"score\":64,\"age\":92,\"city\":\"Palebunan\",\"gender\":\"Male\",\"_id\":\"6666db357a12d5023e1b5065\"}"}
{"level":"info","message":"new entry added : {\"id\":23,\"name\":\"Twyla\",\"score\":50,\"age\":78,\"city\":\"Tysmenychany\",\"gender\":\"Female\",\"_id\":\"6666db357a12d5023e1b5066\"}"}
{"level":"info","message":"new entry added : {\"id\":24,\"name\":\"Chanda\",\"score\":62,\"age\":90,\"city\":\"San Juan\",\"gender\":\"Female\",\"_id\":\"6666db357a12d5023e1b5067\"}"}
{"level":"info","message":"new entry added : {\"id\":25,\"name\":\"Yuri\",\"score\":18,\"age\":84,\"city\":\"Wang Nam Yen\",\"gender\":\"Male\",\"_id\":\"6666db367a12d5023e1b5068\"}"}
{"level":"info","message":"new entry added : {\"id\":26,\"name\":\"Ingamar\",\"score\":58,\"age\":59,\"city\":\"Banqiaodian\",\"gender\":\"Male\",\"_id\":\"6666db727a12d5023e1b5069\"}"}
{"level":"info","message":"new entry added : {\"id\":27,\"name\":\"Viviene\",\"score\":40,\"age\":3,\"city\":\"Puan\",\"gender\":\"Female\",\"_id\":\"6666db727a12d5023e1b506a\"}"}
{"level":"info","message":"new entry added : {\"id\":28,\"name\":\"Luciano\",\"score\":49,\"age\":74,\"city\":\"Siedleczka\",\"gender\":\"Male\",\"_id\":\"6666db737a12d5023e1b506b\"}"}
{"level":"info","message":"new entry added : {\"id\":29,\"name\":\"Eliza\",\"score\":34,\"age\":57,\"city\":\"Talaibon\",\"gender\":\"Female\",\"_id\":\"6666db737a12d5023e1b506c\"}"}
{"level":"info","message":"new entry added : {\"id\":30,\"name\":\"Westbrooke\",\"score\":52,\"age\":98,\"city\":\"Taokeng\",\"gender\":\"Male\",\"_id\":\"6666db737a12d5023e1b506d\"}"}
{"level":"info","message":"new entry added : {\"id\":31,\"name\":\"Harwell\",\"score\":59,\"age\":48,\"city\":\"Paris 16\",\"gender\":\"Male\",\"_id\":\"6666db737a12d5023e1b506e\"}"}
{"level":"info","message":"new entry added : {\"id\":32,\"name\":\"Rahal\",\"score\":32,\"age\":78,\"city\":\"Cruz\",\"gender\":\"Polygender\",\"_id\":\"6666db737a12d5023e1b506f\"}"}
{"level":"info","message":"new entry added : {\"id\":33,\"name\":\"Eugenia\",\"score\":47,\"age\":7,\"city\":\"Waterloo\",\"gender\":\"Female\",\"_id\":\"6666db747a12d5023e1b5070\"}"}
{"level":"info","message":"new entry added : {\"id\":34,\"name\":\"Leonora\",\"score\":56,\"age\":79,\"city\":\"Trang\",\"gender\":\"Female\",\"_id\":\"6666db747a12d5023e1b5071\"}"}
{"level":"info","message":"new entry added : {\"id\":35,\"name\":\"Sammy\",\"score\":75,\"age\":42,\"city\":\"Élancourt\",\"gender\":\"Female\",\"_id\":\"6666db747a12d5023e1b5072\"}"}
{"level":"info","message":"new entry added : {\"id\":36,\"name\":\"Helyn\",\"score\":72,\"age\":93,\"city\":\"Erjia\",\"gender\":\"Female\",\"_id\":\"6666db747a12d5023e1b5073\"}"}
{"level":"info","message":"new entry added : {\"id\":37,\"name\":\"Mignonne\",\"score\":71,\"age\":81,\"city\":\"Chengtang\",\"gender\":\"Bigender\",\"_id\":\"6666db747a12d5023e1b5074\"}"}
{"level":"info","message":"new entry added : {\"id\":38,\"name\":\"Crystie\",\"score\":4,\"age\":63,\"city\":\"Limbuš\",\"gender\":\"Female\",\"_id\":\"6666db757a12d5023e1b5075\"}"}
{"level":"info","message":"new entry added : {\"id\":39,\"name\":\"Damian\",\"score\":57,\"age\":79,\"city\":\"Atlanta\",\"gender\":\"Male\",\"_id\":\"6666db757a12d5023e1b5076\"}"}
{"level":"info","message":"new entry added : {\"id\":40,\"name\":\"Bamby\",\"score\":65,\"age\":63,\"city\":\"Ishikawa\",\"gender\":\"Female\",\"_id\":\"6666db757a12d5023e1b5077\"}"}
{"level":"info","message":"new entry added : {\"id\":41,\"name\":\"Kordula\",\"score\":30,\"age\":24,\"city\":\"Delodpeken\",\"gender\":\"Female\",\"_id\":\"6666db757a12d5023e1b5078\"}"}
{"level":"info","message":"new entry added : {\"id\":42,\"name\":\"Spence\",\"score\":4,\"age\":49,\"city\":\"Santa Adélia\",\"gender\":\"Male\",\"_id\":\"6666db767a12d5023e1b5079\"}"}
{"level":"info","message":"new entry added : {\"id\":43,\"name\":\"Charisse\",\"score\":4,\"age\":97,\"city\":\"Tarub\",\"gender\":\"Female\",\"_id\":\"6666db767a12d5023e1b507a\"}"}
{"level":"info","message":"new entry added : {\"id\":44,\"name\":\"Shea\",\"score\":93,\"age\":87,\"city\":\"Nangtang\",\"gender\":\"Male\",\"_id\":\"6666db767a12d5023e1b507b\"}"}
{"level":"info","message":"new entry added : {\"id\":45,\"name\":\"Donielle\",\"score\":8,\"age\":74,\"city\":\"Batroûn\",\"gender\":\"Female\",\"_id\":\"6666db767a12d5023e1b507c\"}"}
{"level":"info","message":"new entry added : {\"id\":46,\"name\":\"Kassia\",\"score\":44,\"age\":34,\"city\":\"Wanbu\",\"gender\":\"Female\",\"_id\":\"6666db767a12d5023e1b507d\"}"}
{"level":"info","message":"new entry added : {\"id\":47,\"name\":\"Aurora\",\"score\":88,\"age\":38,\"city\":\"New York City\",\"gender\":\"Female\",\"_id\":\"6666db777a12d5023e1b507e\"}"}
{"level":"info","message":"new entry added : {\"id\":48,\"name\":\"Dame\",\"score\":22,\"age\":56,\"city\":\"Newport\",\"gender\":\"Male\",\"_id\":\"6666db777a12d5023e1b507f\"}"}
{"level":"info","message":"new entry added : {\"id\":49,\"name\":\"Sharon\",\"score\":23,\"age\":18,\"city\":\"Eling\",\"gender\":\"Female\",\"_id\":\"6666db777a12d5023e1b5080\"}"}
{"level":"info","message":"new entry added : {\"id\":50,\"name\":\"Engracia\",\"score\":0,\"age\":14,\"city\":\"Seixas\",\"gender\":\"Female\",\"_id\":\"6666db777a12d5023e1b5081\"}"}
{"level":"info","message":"new entry added : {\"id\":51,\"name\":\"Kayley\",\"score\":11,\"age\":52,\"city\":\"Dos Quebradas\",\"gender\":\"Female\",\"_id\":\"6666db777a12d5023e1b5082\"}"}
{"level":"info","message":"new entry added : {\"id\":52,\"name\":\"Tanney\",\"score\":24,\"age\":87,\"city\":\"Vamvakoú\",\"gender\":\"Male\",\"_id\":\"6666db787a12d5023e1b5083\"}"}
{"level":"info","message":"new entry added : {\"id\":53,\"name\":\"Josselyn\",\"score\":75,\"age\":18,\"city\":\"Stalowa Wola\",\"gender\":\"Female\",\"_id\":\"6666db787a12d5023e1b5084\"}"}
{"level":"info","message":"new entry added : {\"id\":54,\"name\":\"Hirsch\",\"score\":95,\"age\":49,\"city\":\"Santa Teresa\",\"gender\":\"Male\",\"_id\":\"6666db787a12d5023e1b5085\"}"}
{"level":"info","message":"new entry added : {\"id\":55,\"name\":\"Meggi\",\"score\":39,\"age\":54,\"city\":\"Jocotenango\",\"gender\":\"Female\",\"_id\":\"6666db787a12d5023e1b5086\"}"}
{"level":"info","message":"new entry added : {\"id\":56,\"name\":\"Gris\",\"score\":4,\"age\":81,\"city\":\"Onokivtsi\",\"gender\":\"Male\",\"_id\":\"6666db787a12d5023e1b5087\"}"}
{"level":"info","message":"new entry added : {\"id\":57,\"name\":\"Alane\",\"score\":52,\"age\":66,\"city\":\"Muquiyauyo\",\"gender\":\"Genderqueer\",\"_id\":\"6666db787a12d5023e1b5088\"}"}
{"level":"info","message":"new entry added : {\"id\":58,\"name\":\"Maureen\",\"score\":65,\"age\":59,\"city\":\"Nakhon Phanom\",\"gender\":\"Female\",\"_id\":\"6666db797a12d5023e1b5089\"}"}
{"level":"info","message":"new entry added : {\"id\":59,\"name\":\"Ilysa\",\"score\":29,\"age\":18,\"city\":\"Ath\",\"gender\":\"Female\",\"_id\":\"6666db797a12d5023e1b508a\"}"}
{"level":"info","message":"new entry added : {\"id\":60,\"name\":\"Johnette\",\"score\":63,\"age\":62,\"city\":\"Limbi\",\"gender\":\"Female\",\"_id\":\"6666db797a12d5023e1b508b\"}"}
{"level":"info","message":"new entry added : {\"id\":61,\"name\":\"Natty\",\"score\":42,\"age\":91,\"city\":\"Bibinje\",\"gender\":\"Male\",\"_id\":\"6666db797a12d5023e1b508c\"}"}
{"level":"info","message":"new entry added : {\"id\":62,\"name\":\"Bev\",\"score\":52,\"age\":91,\"city\":\"Hepu\",\"gender\":\"Male\",\"_id\":\"6666db797a12d5023e1b508d\"}"}
{"level":"info","message":"new entry added : {\"id\":63,\"name\":\"Granger\",\"score\":68,\"age\":78,\"city\":\"Khallat Ḩamāmah\",\"gender\":\"Male\",\"_id\":\"6666db7a7a12d5023e1b508e\"}"}
{"level":"info","message":"new entry added : {\"id\":64,\"name\":\"Arch\",\"score\":50,\"age\":100,\"city\":\"Benguela\",\"gender\":\"Male\",\"_id\":\"6666db7a7a12d5023e1b508f\"}"}
{"level":"info","message":"new entry added : {\"id\":65,\"name\":\"Monah\",\"score\":33,\"age\":18,\"city\":\"Feni\",\"gender\":\"Bigender\",\"_id\":\"6666db7a7a12d5023e1b5090\"}"}
{"level":"info","message":"new entry added : {\"id\":66,\"name\":\"Genvieve\",\"score\":30,\"age\":43,\"city\":\"Akhaldaba\",\"gender\":\"Female\",\"_id\":\"6666db7a7a12d5023e1b5091\"}"}
{"level":"info","message":"new entry added : {\"id\":67,\"name\":\"Caria\",\"score\":57,\"age\":65,\"city\":\"Valada\",\"gender\":\"Female\",\"_id\":\"6666db7b7a12d5023e1b5092\"}"}
{"level":"info","message":"new entry added : {\"id\":68,\"name\":\"Julissa\",\"score\":0,\"age\":75,\"city\":\"Meixian\",\"gender\":\"Female\",\"_id\":\"6666db7b7a12d5023e1b5093\"}"}
{"level":"info","message":"new entry added : {\"id\":69,\"name\":\"Lurette\",\"score\":10,\"age\":75,\"city\":\"Arcena Pequena\",\"gender\":\"Female\",\"_id\":\"6666db7b7a12d5023e1b5094\"}"}
{"level":"info","message":"new entry added : {\"id\":70,\"name\":\"Felic\",\"score\":33,\"age\":53,\"city\":\"Vista Alegre\",\"gender\":\"Male\",\"_id\":\"6666db7b7a12d5023e1b5095\"}"}
{"level":"info","message":"new entry added : {\"id\":71,\"name\":\"Maribel\",\"score\":6,\"age\":9,\"city\":\"Cournon-d'Auvergne\",\"gender\":\"Female\",\"_id\":\"6666db7b7a12d5023e1b5096\"}"}
{"level":"info","message":"new entry added : {\"id\":72,\"name\":\"Jaymie\",\"score\":29,\"age\":96,\"city\":\"Barda\",\"gender\":\"Male\",\"_id\":\"6666db7c7a12d5023e1b5097\"}"}
{"level":"info","message":"new entry added : {\"id\":73,\"name\":\"Laurent\",\"score\":81,\"age\":21,\"city\":\"Sulūk\",\"gender\":\"Male\",\"_id\":\"6666db7c7a12d5023e1b5098\"}"}
{"level":"info","message":"new entry added : {\"id\":74,\"name\":\"Bernard\",\"score\":94,\"age\":45,\"city\":\"São Pedro da Aldeia\",\"gender\":\"Male\",\"_id\":\"6666db7c7a12d5023e1b5099\"}"}
{"level":"info","message":"new entry added : {\"id\":75,\"name\":\"Meta\",\"score\":81,\"age\":50,\"city\":\"Letpandan\",\"gender\":\"Female\",\"_id\":\"6666db7c7a12d5023e1b509a\"}"}
{"level":"info","message":"new entry added : {\"id\":76,\"name\":\"Sarah\",\"score\":74,\"age\":48,\"city\":\"Gampola\",\"gender\":\"Female\",\"_id\":\"6666db7c7a12d5023e1b509b\"}"}
{"level":"info","message":"new entry added : {\"id\":77,\"name\":\"Dell\",\"score\":13,\"age\":19,\"city\":\"Jeseník\",\"gender\":\"Male\",\"_id\":\"6666db7c7a12d5023e1b509c\"}"}
{"level":"info","message":"new entry added : {\"id\":78,\"name\":\"Brynne\",\"score\":67,\"age\":17,\"city\":\"Skien\",\"gender\":\"Female\",\"_id\":\"6666db7d7a12d5023e1b509d\"}"}
{"level":"info","message":"new entry added : {\"id\":79,\"name\":\"Hedi\",\"score\":51,\"age\":18,\"city\":\"Dīla\",\"gender\":\"Bigender\",\"_id\":\"6666db7d7a12d5023e1b509e\"}"}
{"level":"info","message":"new entry added : {\"id\":80,\"name\":\"Mitch\",\"score\":69,\"age\":79,\"city\":\"Jacura\",\"gender\":\"Male\",\"_id\":\"6666db7d7a12d5023e1b509f\"}"}
{"level":"info","message":"new entry added : {\"id\":81,\"name\":\"Beverie\",\"score\":54,\"age\":24,\"city\":\"Agenebode\",\"gender\":\"Female\",\"_id\":\"6666db7d7a12d5023e1b50a0\"}"}
{"level":"info","message":"new entry added : {\"id\":82,\"name\":\"Nicole\",\"score\":2,\"age\":54,\"city\":\"Valencia\",\"gender\":\"Female\",\"_id\":\"6666db7e7a12d5023e1b50a1\"}"}
{"level":"info","message":"new entry added : {\"id\":83,\"name\":\"Oralee\",\"score\":30,\"age\":4,\"city\":\"Fonte\",\"gender\":\"Female\",\"_id\":\"6666db7e7a12d5023e1b50a2\"}"}
{"level":"info","message":"new entry added : {\"id\":84,\"name\":\"Pandora\",\"score\":53,\"age\":22,\"city\":\"Cox’s Bāzār\",\"gender\":\"Female\",\"_id\":\"6666db7e7a12d5023e1b50a3\"}"}
{"level":"info","message":"new entry added : {\"id\":85,\"name\":\"Ann\",\"score\":75,\"age\":88,\"city\":\"San Francisco\",\"gender\":\"Female\",\"_id\":\"6666db7e7a12d5023e1b50a4\"}"}
{"level":"info","message":"new entry added : {\"id\":86,\"name\":\"Toiboid\",\"score\":42,\"age\":100,\"city\":\"Huxi\",\"gender\":\"Non-binary\",\"_id\":\"6666db7e7a12d5023e1b50a5\"}"}
{"level":"info","message":"new entry added : {\"id\":87,\"name\":\"Felita\",\"score\":15,\"age\":45,\"city\":\"La Lima\",\"gender\":\"Female\",\"_id\":\"6666db7e7a12d5023e1b50a6\"}"}
{"level":"info","message":"new entry added : {\"id\":88,\"name\":\"Nisse\",\"score\":11,\"age\":52,\"city\":\"Kute\",\"gender\":\"Female\",\"_id\":\"6666db7e7a12d5023e1b50a7\"}"}
{"level":"info","message":"new entry added : {\"id\":89,\"name\":\"Camel\",\"score\":37,\"age\":100,\"city\":\"Lahad Datu\",\"gender\":\"Female\",\"_id\":\"6666db7f7a12d5023e1b50a8\"}"}
{"level":"info","message":"new entry added : {\"id\":90,\"name\":\"Annette\",\"score\":34,\"age\":86,\"city\":\"Cabadiangan\",\"gender\":\"Female\",\"_id\":\"6666db7f7a12d5023e1b50a9\"}"}
{"level":"info","message":"new entry added : {\"id\":91,\"name\":\"Allie\",\"score\":41,\"age\":58,\"city\":\"Oslo\",\"gender\":\"Male\",\"_id\":\"6666db7f7a12d5023e1b50aa\"}"}
{"level":"info","message":"new entry added : {\"id\":92,\"name\":\"Eliza\",\"score\":49,\"age\":11,\"city\":\"Blahodatne\",\"gender\":\"Female\",\"_id\":\"6666db7f7a12d5023e1b50ab\"}"}
{"level":"info","message":"new entry added : {\"id\":93,\"name\":\"Amye\",\"score\":16,\"age\":85,\"city\":\"Tampere\",\"gender\":\"Female\",\"_id\":\"6666db7f7a12d5023e1b50ac\"}"}
{"level":"info","message":"new entry added : {\"id\":94,\"name\":\"Georgeanna\",\"score\":70,\"age\":1,\"city\":\"Gostagayevskaya\",\"gender\":\"Female\",\"_id\":\"6666db807a12d5023e1b50ad\"}"}
{"level":"info","message":"new entry added : {\"id\":95,\"name\":\"Ardelle\",\"score\":70,\"age\":53,\"city\":\"Sloboda\",\"gender\":\"Female\",\"_id\":\"6666db807a12d5023e1b50ae\"}"}
{"level":"info","message":"new entry added : {\"id\":96,\"name\":\"Neely\",\"score\":81,\"age\":37,\"city\":\"Saint-Denis\",\"gender\":\"Female\",\"_id\":\"6666db807a12d5023e1b50af\"}"}
{"level":"info","message":"new entry added : {\"id\":97,\"name\":\"Homer\",\"score\":93,\"age\":3,\"city\":\"Tangchijie\",\"gender\":\"Male\",\"_id\":\"6666db807a12d5023e1b50b0\"}"}
{"level":"info","message":"new entry added : {\"id\":98,\"name\":\"Nan\",\"score\":32,\"age\":88,\"city\":\"Syevyerodonets’k\",\"gender\":\"Female\",\"_id\":\"6666db807a12d5023e1b50b1\"}"}
{"level":"info","message":"new entry added : {\"id\":99,\"name\":\"Rochette\",\"score\":75,\"age\":82,\"city\":\"Starominskaya\",\"gender\":\"Female\",\"_id\":\"6666db807a12d5023e1b50b2\"}"}
{"level":"info","message":"new entry added : {\"id\":100,\"name\":\"Darrel\",\"score\":79,\"age\":17,\"city\":\"Frederiksberg\",\"gender\":\"Male\",\"_id\":\"6666db817a12d5023e1b50b3\"}"}
{"level":"info","message":"connected to database"}
{"level":"info","message":"new entry added : {\"id\":1,\"name\":\"Deidre\",\"score\":32,\"age\":8,\"city\":\"Nakhon Pathom\",\"gender\":\"Female\",\"_id\":\"6666dc194770551ac01ac8b1\"}"}
{"level":"info","message":"new entry added : {\"id\":2,\"name\":\"Marlo\",\"score\":67,\"age\":74,\"city\":\"Jammā‘īn\",\"gender\":\"Female\",\"_id\":\"6666dc194770551ac01ac8b2\"}"}
{"level":"info","message":"new entry added : {\"id\":3,\"name\":\"Christen\",\"score\":5,\"age\":11,\"city\":\"Guanyinsi\",\"gender\":\"Female\",\"_id\":\"6666dc1a4770551ac01ac8b3\"}"}
{"level":"info","message":"new entry added : {\"id\":4,\"name\":\"Zane\",\"score\":68,\"age\":7,\"city\":\"Saint Louis\",\"gender\":\"Male\",\"_id\":\"6666dc1a4770551ac01ac8b4\"}"}
{"level":"info","message":"new entry added : {\"id\":5,\"name\":\"Alexis\",\"score\":28,\"age\":46,\"city\":\"Ar Rudayyif\",\"gender\":\"Male\",\"_id\":\"6666dc1a4770551ac01ac8b5\"}"}
{"level":"info","message":"new entry added : {\"id\":6,\"name\":\"Trevar\",\"score\":26,\"age\":95,\"city\":\"Kukuluk\",\"gender\":\"Male\",\"_id\":\"6666dc1a4770551ac01ac8b6\"}"}
{"level":"info","message":"new entry added : {\"id\":7,\"name\":\"Ransell\",\"score\":14,\"age\":98,\"city\":\"Kudymkar\",\"gender\":\"Male\",\"_id\":\"6666dc1a4770551ac01ac8b7\"}"}
{"level":"info","message":"new entry added : {\"id\":8,\"name\":\"Sayre\",\"score\":51,\"age\":73,\"city\":\"Yingkeng\",\"gender\":\"Female\",\"_id\":\"6666dc1b4770551ac01ac8b8\"}"}
{"level":"info","message":"new entry added : {\"id\":9,\"name\":\"Rorie\",\"score\":56,\"age\":44,\"city\":\"Qeshm\",\"gender\":\"Female\",\"_id\":\"6666dc1b4770551ac01ac8b9\"}"}
{"level":"info","message":"new entry added : {\"id\":10,\"name\":\"Juliann\",\"score\":29,\"age\":49,\"city\":\"Kaburon\",\"gender\":\"Female\",\"_id\":\"6666dc1b4770551ac01ac8ba\"}"}
{"level":"info","message":"new entry added : {\"id\":11,\"name\":\"Penny\",\"score\":82,\"age\":97,\"city\":\"Noyemberyan\",\"gender\":\"Male\",\"_id\":\"6666dc1b4770551ac01ac8bb\"}"}
{"level":"info","message":"new entry added : {\"id\":12,\"name\":\"Sabra\",\"score\":99,\"age\":50,\"city\":\"Daga\",\"gender\":\"Female\",\"_id\":\"6666dc1b4770551ac01ac8bc\"}"}
{"level":"info","message":"new entry added : {\"id\":13,\"name\":\"Roxanne\",\"score\":73,\"age\":85,\"city\":\"Nanhe\",\"gender\":\"Female\",\"_id\":\"6666dc1b4770551ac01ac8bd\"}"}
{"level":"info","message":"new entry added : {\"id\":14,\"name\":\"Rachelle\",\"score\":24,\"age\":5,\"city\":\"Pajak\",\"gender\":\"Female\",\"_id\":\"6666dc1b4770551ac01ac8be\"}"}
{"level":"info","message":"new entry added : {\"id\":15,\"name\":\"Jule\",\"score\":7,\"age\":43,\"city\":\"Imsida\",\"gender\":\"Male\",\"_id\":\"6666dc1c4770551ac01ac8bf\"}"}
{"level":"info","message":"new entry added : {\"id\":16,\"name\":\"Ogdon\",\"score\":33,\"age\":31,\"city\":\"Buyunshan\",\"gender\":\"Male\",\"_id\":\"6666dc1c4770551ac01ac8c0\"}"}
{"level":"info","message":"new entry added : {\"id\":17,\"name\":\"Perceval\",\"score\":85,\"age\":70,\"city\":\"Lubumbashi\",\"gender\":\"Male\",\"_id\":\"6666dc1c4770551ac01ac8c1\"}"}
{"level":"info","message":"new entry added : {\"id\":18,\"name\":\"Elka\",\"score\":11,\"age\":81,\"city\":\"Alangalang\",\"gender\":\"Female\",\"_id\":\"6666dc1c4770551ac01ac8c2\"}"}
{"level":"info","message":"new entry added : {\"id\":19,\"name\":\"Corissa\",\"score\":69,\"age\":42,\"city\":\"San Juan del Surutú\",\"gender\":\"Female\",\"_id\":\"6666dc1c4770551ac01ac8c3\"}"}
{"level":"info","message":"new entry added : {\"id\":20,\"name\":\"Darin\",\"score\":14,\"age\":89,\"city\":\"Chinchaypujio\",\"gender\":\"Male\",\"_id\":\"6666dc1c4770551ac01ac8c4\"}"}
{"level":"info","message":"new entry added : {\"id\":21,\"name\":\"Maison\",\"score\":63,\"age\":45,\"city\":\"Calanogas\",\"gender\":\"Male\",\"_id\":\"6666dc1d4770551ac01ac8c5\"}"}
{"level":"info","message":"new entry added : {\"id\":22,\"name\":\"Bengt\",\"score\":64,\"age\":92,\"city\":\"Palebunan\",\"gender\":\"Male\",\"_id\":\"6666dc1d4770551ac01ac8c6\"}"}
{"level":"info","message":"new entry added : {\"id\":23,\"name\":\"Twyla\",\"score\":50,\"age\":78,\"city\":\"Tysmenychany\",\"gender\":\"Female\",\"_id\":\"6666dc1d4770551ac01ac8c7\"}"}
{"level":"info","message":"new entry added : {\"id\":24,\"name\":\"Chanda\",\"score\":62,\"age\":90,\"city\":\"San Juan\",\"gender\":\"Female\",\"_id\":\"6666dc1d4770551ac01ac8c8\"}"}
{"level":"info","message":"new entry added : {\"id\":25,\"name\":\"Yuri\",\"score\":18,\"age\":84,\"city\":\"Wang Nam Yen\",\"gender\":\"Male\",\"_id\":\"6666dc1d4770551ac01ac8c9\"}"}
{"level":"info","message":"new entry added : {\"id\":26,\"name\":\"Ingamar\",\"score\":58,\"age\":59,\"city\":\"Banqiaodian\",\"gender\":\"Male\",\"_id\":\"6666dc1d4770551ac01ac8ca\"}"}
{"level":"info","message":"new entry added : {\"id\":27,\"name\":\"Viviene\",\"score\":40,\"age\":3,\"city\":\"Puan\",\"gender\":\"Female\",\"_id\":\"6666dc1d4770551ac01ac8cb\"}"}
{"level":"info","message":"new entry added : {\"id\":28,\"name\":\"Luciano\",\"score\":49,\"age\":74,\"city\":\"Siedleczka\",\"gender\":\"Male\",\"_id\":\"6666dc1e4770551ac01ac8cc\"}"}
{"level":"info","message":"new entry added : {\"id\":29,\"name\":\"Eliza\",\"score\":34,\"age\":57,\"city\":\"Talaibon\",\"gender\":\"Female\",\"_id\":\"6666dc1e4770551ac01ac8cd\"}"}
{"level":"info","message":"new entry added : {\"id\":30,\"name\":\"Westbrooke\",\"score\":52,\"age\":98,\"city\":\"Taokeng\",\"gender\":\"Male\",\"_id\":\"6666dc1e4770551ac01ac8ce\"}"}
{"level":"info","message":"new entry added : {\"id\":31,\"name\":\"Harwell\",\"score\":59,\"age\":48,\"city\":\"Paris 16\",\"gender\":\"Male\",\"_id\":\"6666dc1e4770551ac01ac8cf\"}"}
{"level":"info","message":"new entry added : {\"id\":32,\"name\":\"Rahal\",\"score\":32,\"age\":78,\"city\":\"Cruz\",\"gender\":\"Polygender\",\"_id\":\"6666dc1e4770551ac01ac8d0\"}"}
{"level":"info","message":"new entry added : {\"id\":33,\"name\":\"Eugenia\",\"score\":47,\"age\":7,\"city\":\"Waterloo\",\"gender\":\"Female\",\"_id\":\"6666dc1e4770551ac01ac8d1\"}"}
{"level":"info","message":"new entry added : {\"id\":34,\"name\":\"Leonora\",\"score\":56,\"age\":79,\"city\":\"Trang\",\"gender\":\"Female\",\"_id\":\"6666dc1e4770551ac01ac8d2\"}"}
{"level":"info","message":"new entry added : {\"id\":35,\"name\":\"Sammy\",\"score\":75,\"age\":42,\"city\":\"Élancourt\",\"gender\":\"Female\",\"_id\":\"6666dc1f4770551ac01ac8d3\"}"}
{"level":"info","message":"new entry added : {\"id\":36,\"name\":\"Helyn\",\"score\":72,\"age\":93,\"city\":\"Erjia\",\"gender\":\"Female\",\"_id\":\"6666dc1f4770551ac01ac8d4\"}"}
{"level":"info","message":"new entry added : {\"id\":37,\"name\":\"Mignonne\",\"score\":71,\"age\":81,\"city\":\"Chengtang\",\"gender\":\"Bigender\",\"_id\":\"6666dc1f4770551ac01ac8d5\"}"}
{"level":"info","message":"new entry added : {\"id\":38,\"name\":\"Crystie\",\"score\":4,\"age\":63,\"city\":\"Limbuš\",\"gender\":\"Female\",\"_id\":\"6666dc1f4770551ac01ac8d6\"}"}
{"level":"info","message":"new entry added : {\"id\":39,\"name\":\"Damian\",\"score\":57,\"age\":79,\"city\":\"Atlanta\",\"gender\":\"Male\",\"_id\":\"6666dc1f4770551ac01ac8d7\"}"}
{"level":"info","message":"new entry added : {\"id\":40,\"name\":\"Bamby\",\"score\":65,\"age\":63,\"city\":\"Ishikawa\",\"gender\":\"Female\",\"_id\":\"6666dc1f4770551ac01ac8d8\"}"}
{"level":"info","message":"new entry added : {\"id\":41,\"name\":\"Kordula\",\"score\":30,\"age\":24,\"city\":\"Delodpeken\",\"gender\":\"Female\",\"_id\":\"6666dc204770551ac01ac8d9\"}"}
{"level":"info","message":"new entry added : {\"id\":42,\"name\":\"Spence\",\"score\":4,\"age\":49,\"city\":\"Santa Adélia\",\"gender\":\"Male\",\"_id\":\"6666dc204770551ac01ac8da\"}"}
{"level":"info","message":"new entry added : {\"id\":43,\"name\":\"Charisse\",\"score\":4,\"age\":97,\"city\":\"Tarub\",\"gender\":\"Female\",\"_id\":\"6666dc204770551ac01ac8db\"}"}
{"level":"info","message":"new entry added : {\"id\":44,\"name\":\"Shea\",\"score\":93,\"age\":87,\"city\":\"Nangtang\",\"gender\":\"Male\",\"_id\":\"6666dc204770551ac01ac8dc\"}"}
{"level":"info","message":"new entry added : {\"id\":45,\"name\":\"Donielle\",\"score\":8,\"age\":74,\"city\":\"Batroûn\",\"gender\":\"Female\",\"_id\":\"6666dc204770551ac01ac8dd\"}"}
{"level":"info","message":"new entry added : {\"id\":46,\"name\":\"Kassia\",\"score\":44,\"age\":34,\"city\":\"Wanbu\",\"gender\":\"Female\",\"_id\":\"6666dc204770551ac01ac8de\"}"}
{"level":"info","message":"new entry added : {\"id\":47,\"name\":\"Aurora\",\"score\":88,\"age\":38,\"city\":\"New York City\",\"gender\":\"Female\",\"_id\":\"6666dc204770551ac01ac8df\"}"}
{"level":"info","message":"new entry added : {\"id\":48,\"name\":\"Dame\",\"score\":22,\"age\":56,\"city\":\"Newport\",\"gender\":\"Male\",\"_id\":\"6666dc214770551ac01ac8e0\"}"}
{"level":"info","message":"new entry added : {\"id\":49,\"name\":\"Sharon\",\"score\":23,\"age\":18,\"city\":\"Eling\",\"gender\":\"Female\",\"_id\":\"6666dc214770551ac01ac8e1\"}"}
{"level":"info","message":"new entry added : {\"id\":50,\"name\":\"Engracia\",\"score\":0,\"age\":14,\"city\":\"Seixas\",\"gender\":\"Female\",\"_id\":\"6666dc214770551ac01ac8e2\"}"}
{"level":"info","message":"new entry added : {\"id\":51,\"name\":\"Kayley\",\"score\":11,\"age\":52,\"city\":\"Dos Quebradas\",\"gender\":\"Female\",\"_id\":\"6666dc214770551ac01ac8e3\"}"}
{"level":"info","message":"new entry added : {\"id\":52,\"name\":\"Tanney\",\"score\":24,\"age\":87,\"city\":\"Vamvakoú\",\"gender\":\"Male\",\"_id\":\"6666dc214770551ac01ac8e4\"}"}
{"level":"info","message":"new entry added : {\"id\":53,\"name\":\"Josselyn\",\"score\":75,\"age\":18,\"city\":\"Stalowa Wola\",\"gender\":\"Female\",\"_id\":\"6666dc214770551ac01ac8e5\"}"}
{"level":"info","message":"new entry added : {\"id\":54,\"name\":\"Hirsch\",\"score\":95,\"age\":49,\"city\":\"Santa Teresa\",\"gender\":\"Male\",\"_id\":\"6666dc214770551ac01ac8e6\"}"}
{"level":"info","message":"new entry added : {\"id\":55,\"name\":\"Meggi\",\"score\":39,\"age\":54,\"city\":\"Jocotenango\",\"gender\":\"Female\",\"_id\":\"6666dc224770551ac01ac8e7\"}"}
{"level":"info","message":"new entry added : {\"id\":56,\"name\":\"Gris\",\"score\":4,\"age\":81,\"city\":\"Onokivtsi\",\"gender\":\"Male\",\"_id\":\"6666dc224770551ac01ac8e8\"}"}
{"level":"info","message":"new entry added : {\"id\":57,\"name\":\"Alane\",\"score\":52,\"age\":66,\"city\":\"Muquiyauyo\",\"gender\":\"Genderqueer\",\"_id\":\"6666dc224770551ac01ac8e9\"}"}
{"level":"info","message":"new entry added : {\"id\":58,\"name\":\"Maureen\",\"score\":65,\"age\":59,\"city\":\"Nakhon Phanom\",\"gender\":\"Female\",\"_id\":\"6666dc224770551ac01ac8ea\"}"}
{"level":"info","message":"new entry added : {\"id\":59,\"name\":\"Ilysa\",\"score\":29,\"age\":18,\"city\":\"Ath\",\"gender\":\"Female\",\"_id\":\"6666dc224770551ac01ac8eb\"}"}
{"level":"info","message":"new entry added : {\"id\":60,\"name\":\"Johnette\",\"score\":63,\"age\":62,\"city\":\"Limbi\",\"gender\":\"Female\",\"_id\":\"6666dc234770551ac01ac8ec\"}"}
{"level":"info","message":"new entry added : {\"id\":61,\"name\":\"Natty\",\"score\":42,\"age\":91,\"city\":\"Bibinje\",\"gender\":\"Male\",\"_id\":\"6666dc234770551ac01ac8ed\"}"}
{"level":"info","message":"new entry added : {\"id\":62,\"name\":\"Bev\",\"score\":52,\"age\":91,\"city\":\"Hepu\",\"gender\":\"Male\",\"_id\":\"6666dc234770551ac01ac8ee\"}"}
{"level":"info","message":"new entry added : {\"id\":63,\"name\":\"Granger\",\"score\":68,\"age\":78,\"city\":\"Khallat Ḩamāmah\",\"gender\":\"Male\",\"_id\":\"6666dc234770551ac01ac8ef\"}"}
{"level":"info","message":"new entry added : {\"id\":64,\"name\":\"Arch\",\"score\":50,\"age\":100,\"city\":\"Benguela\",\"gender\":\"Male\",\"_id\":\"6666dc234770551ac01ac8f0\"}"}
{"level":"info","message":"new entry added : {\"id\":65,\"name\":\"Monah\",\"score\":33,\"age\":18,\"city\":\"Feni\",\"gender\":\"Bigender\",\"_id\":\"6666dc244770551ac01ac8f1\"}"}
{"level":"info","message":"new entry added : {\"id\":66,\"name\":\"Genvieve\",\"score\":30,\"age\":43,\"city\":\"Akhaldaba\",\"gender\":\"Female\",\"_id\":\"6666dc244770551ac01ac8f2\"}"}
{"level":"info","message":"new entry added : {\"id\":67,\"name\":\"Caria\",\"score\":57,\"age\":65,\"city\":\"Valada\",\"gender\":\"Female\",\"_id\":\"6666dc244770551ac01ac8f3\"}"}
{"level":"info","message":"new entry added : {\"id\":68,\"name\":\"Julissa\",\"score\":0,\"age\":75,\"city\":\"Meixian\",\"gender\":\"Female\",\"_id\":\"6666dc244770551ac01ac8f4\"}"}
{"level":"info","message":"new entry added : {\"id\":69,\"name\":\"Lurette\",\"score\":10,\"age\":75,\"city\":\"Arcena Pequena\",\"gender\":\"Female\",\"_id\":\"6666dc244770551ac01ac8f5\"}"}
{"level":"info","message":"new entry added : {\"id\":70,\"name\":\"Felic\",\"score\":33,\"age\":53,\"city\":\"Vista Alegre\",\"gender\":\"Male\",\"_id\":\"6666dc244770551ac01ac8f6\"}"}
{"level":"info","message":"new entry added : {\"id\":71,\"name\":\"Maribel\",\"score\":6,\"age\":9,\"city\":\"Cournon-d'Auvergne\",\"gender\":\"Female\",\"_id\":\"6666dc254770551ac01ac8f7\"}"}
{"level":"info","message":"new entry added : {\"id\":72,\"name\":\"Jaymie\",\"score\":29,\"age\":96,\"city\":\"Barda\",\"gender\":\"Male\",\"_id\":\"6666dc254770551ac01ac8f8\"}"}
{"level":"info","message":"new entry added : {\"id\":73,\"name\":\"Laurent\",\"score\":81,\"age\":21,\"city\":\"Sulūk\",\"gender\":\"Male\",\"_id\":\"6666dc254770551ac01ac8f9\"}"}
{"level":"info","message":"new entry added : {\"id\":74,\"name\":\"Bernard\",\"score\":94,\"age\":45,\"city\":\"São Pedro da Aldeia\",\"gender\":\"Male\",\"_id\":\"6666dc254770551ac01ac8fa\"}"}
{"level":"info","message":"new entry added : {\"id\":75,\"name\":\"Meta\",\"score\":81,\"age\":50,\"city\":\"Letpandan\",\"gender\":\"Female\",\"_id\":\"6666dc254770551ac01ac8fb\"}"}
{"level":"info","message":"new entry added : {\"id\":76,\"name\":\"Sarah\",\"score\":74,\"age\":48,\"city\":\"Gampola\",\"gender\":\"Female\",\"_id\":\"6666dc254770551ac01ac8fc\"}"}
{"level":"info","message":"new entry added : {\"id\":77,\"name\":\"Dell\",\"score\":13,\"age\":19,\"city\":\"Jeseník\",\"gender\":\"Male\",\"_id\":\"6666dc264770551ac01ac8fd\"}"}
{"level":"info","message":"new entry added : {\"id\":78,\"name\":\"Brynne\",\"score\":67,\"age\":17,\"city\":\"Skien\",\"gender\":\"Female\",\"_id\":\"6666dc264770551ac01ac8fe\"}"}
{"level":"info","message":"new entry added : {\"id\":79,\"name\":\"Hedi\",\"score\":51,\"age\":18,\"city\":\"Dīla\",\"gender\":\"Bigender\",\"_id\":\"6666dc264770551ac01ac8ff\"}"}
{"level":"info","message":"new entry added : {\"id\":80,\"name\":\"Mitch\",\"score\":69,\"age\":79,\"city\":\"Jacura\",\"gender\":\"Male\",\"_id\":\"6666dc264770551ac01ac900\"}"}
{"level":"info","message":"new entry added : {\"id\":81,\"name\":\"Beverie\",\"score\":54,\"age\":24,\"city\":\"Agenebode\",\"gender\":\"Female\",\"_id\":\"6666dc264770551ac01ac901\"}"}
{"level":"info","message":"new entry added : {\"id\":82,\"name\":\"Nicole\",\"score\":2,\"age\":54,\"city\":\"Valencia\",\"gender\":\"Female\",\"_id\":\"6666dc264770551ac01ac902\"}"}
{"level":"info","message":"new entry added : {\"id\":83,\"name\":\"Oralee\",\"score\":30,\"age\":4,\"city\":\"Fonte\",\"gender\":\"Female\",\"_id\":\"6666dc274770551ac01ac903\"}"}
{"level":"info","message":"new entry added : {\"id\":84,\"name\":\"Pandora\",\"score\":53,\"age\":22,\"city\":\"Cox’s Bāzār\",\"gender\":\"Female\",\"_id\":\"6666dc274770551ac01ac904\"}"}
{"level":"info","message":"new entry added : {\"id\":85,\"name\":\"Ann\",\"score\":75,\"age\":88,\"city\":\"San Francisco\",\"gender\":\"Female\",\"_id\":\"6666dc274770551ac01ac905\"}"}
{"level":"info","message":"new entry added : {\"id\":86,\"name\":\"Toiboid\",\"score\":42,\"age\":100,\"city\":\"Huxi\",\"gender\":\"Non-binary\",\"_id\":\"6666dc274770551ac01ac906\"}"}
{"level":"info","message":"new entry added : {\"id\":87,\"name\":\"Felita\",\"score\":15,\"age\":45,\"city\":\"La Lima\",\"gender\":\"Female\",\"_id\":\"6666dc274770551ac01ac907\"}"}
{"level":"info","message":"new entry added : {\"id\":88,\"name\":\"Nisse\",\"score\":11,\"age\":52,\"city\":\"Kute\",\"gender\":\"Female\",\"_id\":\"6666dc274770551ac01ac908\"}"}
{"level":"info","message":"new entry added : {\"id\":89,\"name\":\"Camel\",\"score\":37,\"age\":100,\"city\":\"Lahad Datu\",\"gender\":\"Female\",\"_id\":\"6666dc284770551ac01ac909\"}"}
{"level":"info","message":"new entry added : {\"id\":90,\"name\":\"Annette\",\"score\":34,\"age\":86,\"city\":\"Cabadiangan\",\"gender\":\"Female\",\"_id\":\"6666dc284770551ac01ac90a\"}"}
{"level":"info","message":"new entry added : {\"id\":91,\"name\":\"Allie\",\"score\":41,\"age\":58,\"city\":\"Oslo\",\"gender\":\"Male\",\"_id\":\"6666dc284770551ac01ac90b\"}"}
{"level":"info","message":"new entry added : {\"id\":92,\"name\":\"Eliza\",\"score\":49,\"age\":11,\"city\":\"Blahodatne\",\"gender\":\"Female\",\"_id\":\"6666dc284770551ac01ac90c\"}"}
{"level":"info","message":"new entry added : {\"id\":93,\"name\":\"Amye\",\"score\":16,\"age\":85,\"city\":\"Tampere\",\"gender\":\"Female\",\"_id\":\"6666dc284770551ac01ac90d\"}"}
{"level":"info","message":"new entry added : {\"id\":94,\"name\":\"Georgeanna\",\"score\":70,\"age\":1,\"city\":\"Gostagayevskaya\",\"gender\":\"Female\",\"_id\":\"6666dc284770551ac01ac90e\"}"}
{"level":"info","message":"new entry added : {\"id\":95,\"name\":\"Ardelle\",\"score\":70,\"age\":53,\"city\":\"Sloboda\",\"gender\":\"Female\",\"_id\":\"6666dc284770551ac01ac90f\"}"}
{"level":"info","message":"new entry added : {\"id\":96,\"name\":\"Neely\",\"score\":81,\"age\":37,\"city\":\"Saint-Denis\",\"gender\":\"Female\",\"_id\":\"6666dc294770551ac01ac910\"}"}
{"level":"info","message":"new entry added : {\"id\":97,\"name\":\"Homer\",\"score\":93,\"age\":3,\"city\":\"Tangchijie\",\"gender\":\"Male\",\"_id\":\"6666dc294770551ac01ac911\"}"}
{"level":"info","message":"new entry added : {\"id\":98,\"name\":\"Nan\",\"score\":32,\"age\":88,\"city\":\"Syevyerodonets’k\",\"gender\":\"Female\",\"_id\":\"6666dc294770551ac01ac912\"}"}
{"level":"info","message":"new entry added : {\"id\":99,\"name\":\"Rochette\",\"score\":75,\"age\":82,\"city\":\"Starominskaya\",\"gender\":\"Female\",\"_id\":\"6666dc294770551ac01ac913\"}"}
{"level":"info","message":"new entry added : {\"id\":100,\"name\":\"Darrel\",\"score\":79,\"age\":17,\"city\":\"Frederiksberg\",\"gender\":\"Male\",\"_id\":\"6666dc294770551ac01ac914\"}"}
